Using pre-set license
Built from '2020.3/staging' branch; Version is '2020.3.6f1 (338bb68529b2) revision 3378102'; Using compiler version '192528614'; Build Type 'Release'
OS: 'Windows 10 Education; OS build 19041.1052; Version 2004; 64bit' Language: 'en' Physical Memory: 16313 MB
BatchMode: 1, IsHumanControllingUs: 0, StartBugReporterOnCrash: 0, Is64bit: 1, IsPro: 0

 COMMAND LINE ARGUMENTS:
C:\Program Files\Unity\Hub\Editor\2020.3.6f1\Editor\Unity.exe
-adb2
-batchMode
-noUpm
-name
AssetImportWorker0
-projectPath
C:/Users/127-xzhao/Desktop/111/1111/Tower Defense Unity Project
-logFile
Logs/AssetImportWorker0.log
-srvPort
54633
Successfully changed project path to: C:/Users/127-xzhao/Desktop/111/1111/Tower Defense Unity Project
C:/Users/127-xzhao/Desktop/111/1111/Tower Defense Unity Project
Using Asset Import Pipeline V2.
Cannot set VR devices because the platform passed isn't supported by Unity.

Cannot set VR devices because the platform passed isn't supported by Unity.

Cannot set VR devices because the platform passed isn't supported by Unity.

Cannot set VR devices because the platform passed isn't supported by Unity.

Cannot set VR devices because the platform passed isn't supported by Unity.

Cannot set VR devices because the platform passed isn't supported by Unity.

Cannot set VR devices because the platform passed isn't supported by Unity.

Cannot set VR devices because the platform passed isn't supported by Unity.

Cannot set VR devices because the platform passed isn't supported by Unity.

Cannot set VR devices because the platform passed isn't supported by Unity.

Cannot set VR devices because the platform passed isn't supported by Unity.

Refreshing native plugins compatible for Editor in 26.21 ms, found 0 plugins.
Preloading 0 native plugins for Editor in 0.00 ms.
Initialize engine version: 2020.3.6f1 (338bb68529b2)
[Subsystems] Discovering subsystems at path C:/Program Files/Unity/Hub/Editor/2020.3.6f1/Editor/Data/Resources/UnitySubsystems
[Subsystems] Discovering subsystems at path C:/Users/127-xzhao/Desktop/111/1111/Tower Defense Unity Project/Assets
GfxDevice: creating device client; threaded=0
Direct3D:
    Version:  Direct3D 11.0 [level 11.0]
    Renderer: NVIDIA GeForce GTX 745 (ID=0x1382)
    Vendor:   
    VRAM:     4053 MB
    Driver:   27.21.14.5206
Initialize mono
Mono path[0] = 'C:/Program Files/Unity/Hub/Editor/2020.3.6f1/Editor/Data/Managed'
Mono path[1] = 'C:/Program Files/Unity/Hub/Editor/2020.3.6f1/Editor/Data/MonoBleedingEdge/lib/mono/unityjit'
Mono config path = 'C:/Program Files/Unity/Hub/Editor/2020.3.6f1/Editor/Data/MonoBleedingEdge/etc'
Using monoOptions --debugger-agent=transport=dt_socket,embedding=1,server=y,suspend=n,address=127.0.0.1:56188
Begin MonoManager ReloadAssembly
Registering precompiled unity dll's ...
Register platform support module: C:/Program Files/Unity/Hub/Editor/2020.3.6f1/Editor/Data/PlaybackEngines/WebGLSupport/UnityEditor.WebGL.Extensions.dll
Register platform support module: C:/Program Files/Unity/Hub/Editor/2020.3.6f1/Editor/Data/PlaybackEngines/WindowsStandaloneSupport/UnityEditor.WindowsStandalone.Extensions.dll
Registered in 0.002095 seconds.
Native extension for WindowsStandalone target not found
Native extension for WebGL target not found
Refreshing native plugins compatible for Editor in 24.95 ms, found 0 plugins.
Preloading 0 native plugins for Editor in 0.00 ms.
Mono: successfully reloaded assembly
- Completed reload, in  1.899 seconds
Platform modules already initialized, skipping
Registering precompiled user dll's ...
Registered in 0.000828 seconds.
Begin MonoManager ReloadAssembly
Native extension for WindowsStandalone target not found
Native extension for WebGL target not found
Refreshing native plugins compatible for Editor in 0.90 ms, found 0 plugins.
Preloading 0 native plugins for Editor in 0.00 ms.
Mono: successfully reloaded assembly
- Completed reload, in  1.157 seconds
Platform modules already initialized, skipping
========================================================================
Worker process is ready to serve import requests
Cannot set VR devices because the platform passed isn't supported by Unity.

Cannot set VR devices because the platform passed isn't supported by Unity.

Cannot set VR devices because the platform passed isn't supported by Unity.

Cannot set VR devices because the platform passed isn't supported by Unity.

Cannot set VR devices because the platform passed isn't supported by Unity.

Cannot set VR devices because the platform passed isn't supported by Unity.

Cannot set VR devices because the platform passed isn't supported by Unity.

Cannot set VR devices because the platform passed isn't supported by Unity.

Cannot set VR devices because the platform passed isn't supported by Unity.

Cannot set VR devices because the platform passed isn't supported by Unity.

Cannot set VR devices because the platform passed isn't supported by Unity.

Launched and connected shader compiler UnityShaderCompiler.exe after 0.05 seconds
Refreshing native plugins compatible for Editor in 0.22 ms, found 0 plugins.
Preloading 0 native plugins for Editor in 0.00 ms.
Unloading 1139 Unused Serialized files (Serialized files now loaded: 0)
System memory in use before: 57.8 MB.
System memory in use after: 57.9 MB.

Unloading 9 unused Assets to reduce memory usage. Loaded Objects now: 1582.
Total: 1.813200 ms (FindLiveObjects: 0.159700 ms CreateObjectMapping: 0.128800 ms MarkObjects: 1.464900 ms  DeleteObjects: 0.058900 ms)

========================================================================
Received Import Request.
  path: Assets/Level02.unity
  artifactKey: Guid(568c8e9fbd21f754fb33f512fc2bb4ab) Importer(815301076,1909f56bfc062723c751e8b465ee728b)
Start importing Assets/Level02.unity using Guid(568c8e9fbd21f754fb33f512fc2bb4ab) Importer(815301076,1909f56bfc062723c751e8b465ee728b)  -> (artifact id: 'd11e73fbcd06a0758731085ef9e2da6f') in 0.037799 seconds
  Import took 0.041622 seconds .

========================================================================
Received Import Request.
  Time since last request: 4.316618 seconds.
  path: Assets/Level01.unity
  artifactKey: Guid(315ed2e4cf2517049a5f55c4d3820aa4) Importer(815301076,1909f56bfc062723c751e8b465ee728b)
Start importing Assets/Level01.unity using Guid(315ed2e4cf2517049a5f55c4d3820aa4) Importer(815301076,1909f56bfc062723c751e8b465ee728b)  -> (artifact id: 'ff02896c3be5083e4b3dfbee5c73f74c') in 0.011021 seconds
  Import took 0.013574 seconds .

========================================================================
Received Import Request.
  Time since last request: 1.949245 seconds.
  path: Assets/Level03.unity
  artifactKey: Guid(19cffd1542123a445a9b9c0bfb2ac418) Importer(815301076,1909f56bfc062723c751e8b465ee728b)
Start importing Assets/Level03.unity using Guid(19cffd1542123a445a9b9c0bfb2ac418) Importer(815301076,1909f56bfc062723c751e8b465ee728b)  -> (artifact id: 'e160415385fe9b14d9560cfb01f77976') in 0.010117 seconds
  Import took 0.012089 seconds .

========================================================================
Received Import Request.
  Time since last request: 1.326475 seconds.
  path: Assets/Level02Settings.lighting
  artifactKey: Guid(d43ae93b992a63346b4e47e2d150e520) Importer(815301076,1909f56bfc062723c751e8b465ee728b)
Start importing Assets/Level02Settings.lighting using Guid(d43ae93b992a63346b4e47e2d150e520) Importer(815301076,1909f56bfc062723c751e8b465ee728b) LightingSettings: switching bake backend from 1 to 0.
 -> (artifact id: 'c281f2179160777541874d71d0b3f968') in 0.031117 seconds
  Import took 0.033229 seconds .

========================================================================
Received Import Request.
  Time since last request: 76.730177 seconds.
  path: Assets/Level02.unity
  artifactKey: Guid(568c8e9fbd21f754fb33f512fc2bb4ab) Importer(815301076,1909f56bfc062723c751e8b465ee728b)
Start importing Assets/Level02.unity using Guid(568c8e9fbd21f754fb33f512fc2bb4ab) Importer(815301076,1909f56bfc062723c751e8b465ee728b)  -> (artifact id: 'a20034790687ec75386fafa0d820841c') in 0.008438 seconds
  Import took 0.012426 seconds .

========================================================================
Received Import Request.
  Time since last request: 1.612621 seconds.
  path: Assets/Level03.unity
  artifactKey: Guid(19cffd1542123a445a9b9c0bfb2ac418) Importer(815301076,1909f56bfc062723c751e8b465ee728b)
Start importing Assets/Level03.unity using Guid(19cffd1542123a445a9b9c0bfb2ac418) Importer(815301076,1909f56bfc062723c751e8b465ee728b)  -> (artifact id: '07cde5c31299bbcd730cd2a30a147942') in 0.006487 seconds
  Import took 0.008378 seconds .

========================================================================
Received Prepare
Cannot set VR devices because the platform passed isn't supported by Unity.

Cannot set VR devices because the platform passed isn't supported by Unity.

Cannot set VR devices because the platform passed isn't supported by Unity.

Cannot set VR devices because the platform passed isn't supported by Unity.

Cannot set VR devices because the platform passed isn't supported by Unity.

Cannot set VR devices because the platform passed isn't supported by Unity.

Cannot set VR devices because the platform passed isn't supported by Unity.

Cannot set VR devices because the platform passed isn't supported by Unity.

Cannot set VR devices because the platform passed isn't supported by Unity.

Cannot set VR devices because the platform passed isn't supported by Unity.

Cannot set VR devices because the platform passed isn't supported by Unity.

Registering precompiled user dll's ...
Registered in 0.000811 seconds.
Begin MonoManager ReloadAssembly
Native extension for WindowsStandalone target not found
Native extension for WebGL target not found
Refreshing native plugins compatible for Editor in 0.21 ms, found 0 plugins.
Preloading 0 native plugins for Editor in 0.00 ms.
Mono: successfully reloaded assembly
- Completed reload, in  0.875 seconds
Platform modules already initialized, skipping
Refreshing native plugins compatible for Editor in 0.23 ms, found 0 plugins.
Preloading 0 native plugins for Editor in 0.00 ms.
Unloading 1133 Unused Serialized files (Serialized files now loaded: 0)
System memory in use before: 57.6 MB.
System memory in use after: 57.7 MB.

Unloading 4 unused Assets to reduce memory usage. Loaded Objects now: 1585.
Total: 1.678700 ms (FindLiveObjects: 0.149300 ms CreateObjectMapping: 0.046400 ms MarkObjects: 1.456800 ms  DeleteObjects: 0.024400 ms)

========================================================================
Received Import Request.
  Time since last request: 216.620516 seconds.
  path: Assets/Materials
  artifactKey: Guid(90a6abdcc14b816459861d65e2e1865d) Importer(815301076,1909f56bfc062723c751e8b465ee728b)
Start importing Assets/Materials using Guid(90a6abdcc14b816459861d65e2e1865d) Importer(815301076,1909f56bfc062723c751e8b465ee728b)  -> (artifact id: '360dba0360abdeb0abc9faa20be33fbf') in 0.012801 seconds
  Import took 0.014767 seconds .

========================================================================
Received Import Request.
  Time since last request: 0.042920 seconds.
  path: Assets/Materials/BuildEffect.mat
  artifactKey: Guid(8165789fe91618046aca1997be16d671) Importer(815301076,1909f56bfc062723c751e8b465ee728b)
Start importing Assets/Materials/BuildEffect.mat using Guid(8165789fe91618046aca1997be16d671) Importer(815301076,1909f56bfc062723c751e8b465ee728b)  -> (artifact id: '88c99dc88c957bf7f8acdefcd08ed8ad') in 0.309745 seconds
  Import took 0.311582 seconds .

========================================================================
Received Import Request.
  Time since last request: 0.000225 seconds.
  path: Assets/Materials/Laser.mat
  artifactKey: Guid(c93cda56cd1ca8b438dd7d710be07ac4) Importer(815301076,1909f56bfc062723c751e8b465ee728b)
Start importing Assets/Materials/Laser.mat using Guid(c93cda56cd1ca8b438dd7d710be07ac4) Importer(815301076,1909f56bfc062723c751e8b465ee728b)  -> (artifact id: 'a4bf3d4fe0a2e827b92b619396c9afba') in 0.066461 seconds
  Import took 0.068302 seconds .

========================================================================
Received Import Request.
  Time since last request: 0.000225 seconds.
  path: Assets/Materials/SellEffect_Gold.mat
  artifactKey: Guid(7ea12c4c2d11a754893186c289470c3a) Importer(815301076,1909f56bfc062723c751e8b465ee728b)
Start importing Assets/Materials/SellEffect_Gold.mat using Guid(7ea12c4c2d11a754893186c289470c3a) Importer(815301076,1909f56bfc062723c751e8b465ee728b)  -> (artifact id: 'd1cf064f79ece10e47ae0d02c59aaff3') in 0.014653 seconds
  Import took 0.016706 seconds .

========================================================================
Received Import Request.
  Time since last request: 0.000055 seconds.
  path: Assets/Materials/SellEffect_Debris.mat
  artifactKey: Guid(ab77ed49dc6c6124e8393af97f0d673d) Importer(815301076,1909f56bfc062723c751e8b465ee728b)
Start importing Assets/Materials/SellEffect_Debris.mat using Guid(ab77ed49dc6c6124e8393af97f0d673d) Importer(815301076,1909f56bfc062723c751e8b465ee728b)  -> (artifact id: '6196dddeec599a479cff631ea82b7fbf') in 0.012069 seconds
  Import took 0.013906 seconds .

========================================================================
Received Import Request.
  Time since last request: 0.000237 seconds.
  path: Assets/Materials/Bullet.mat
  artifactKey: Guid(1f20c8f00565b6b479550f214381fa9c) Importer(815301076,1909f56bfc062723c751e8b465ee728b)
Start importing Assets/Materials/Bullet.mat using Guid(1f20c8f00565b6b479550f214381fa9c) Importer(815301076,1909f56bfc062723c751e8b465ee728b)  -> (artifact id: '475cf3e5dcc33482d8ccc2d0061cc922') in 0.018267 seconds
  Import took 0.020815 seconds .

========================================================================
Received Import Request.
  Time since last request: 0.000075 seconds.
  path: Assets/Materials/Start.mat
  artifactKey: Guid(8c61d29fa535937458ce11024cf32b76) Importer(815301076,1909f56bfc062723c751e8b465ee728b)
Start importing Assets/Materials/Start.mat using Guid(8c61d29fa535937458ce11024cf32b76) Importer(815301076,1909f56bfc062723c751e8b465ee728b)  -> (artifact id: '954694841c60b80730e23d1cf4f63950') in 0.022364 seconds
  Import took 0.024962 seconds .

========================================================================
Received Import Request.
  Time since last request: 0.000056 seconds.
  path: Assets/Materials/End.mat
  artifactKey: Guid(3b25ea1bfa02b2a4ab0666026cf22243) Importer(815301076,1909f56bfc062723c751e8b465ee728b)
Start importing Assets/Materials/End.mat using Guid(3b25ea1bfa02b2a4ab0666026cf22243) Importer(815301076,1909f56bfc062723c751e8b465ee728b)  -> (artifact id: '9b69655e5b8b1d18e83121ea07b43ea1') in 0.028136 seconds
  Import took 0.030240 seconds .

========================================================================
Received Import Request.
  Time since last request: 0.000215 seconds.
  path: Assets/Materials/BulletImpact.mat
  artifactKey: Guid(4f4ba449e1cebf64fb19f66ea945a001) Importer(815301076,1909f56bfc062723c751e8b465ee728b)
Start importing Assets/Materials/BulletImpact.mat using Guid(4f4ba449e1cebf64fb19f66ea945a001) Importer(815301076,1909f56bfc062723c751e8b465ee728b)  -> (artifact id: '9379600f6c2f993d22440ca9c7d46ef1') in 0.024129 seconds
  Import took 0.026714 seconds .

========================================================================
Received Import Request.
  Time since last request: 0.000185 seconds.
  path: Assets/Materials/Bullet_Upgraded.mat
  artifactKey: Guid(827b4843ce57d09479130516c3b40104) Importer(815301076,1909f56bfc062723c751e8b465ee728b)
Start importing Assets/Materials/Bullet_Upgraded.mat using Guid(827b4843ce57d09479130516c3b40104) Importer(815301076,1909f56bfc062723c751e8b465ee728b)  -> (artifact id: '68645077199613e67c39288002a22a5a') in 0.015891 seconds
  Import took 0.018439 seconds .

========================================================================
Received Import Request.
  Time since last request: 0.000202 seconds.
  path: Assets/Materials/LaserImpact.mat
  artifactKey: Guid(6aecd5f74ab4fc049a882a4cc831abf1) Importer(815301076,1909f56bfc062723c751e8b465ee728b)
Start importing Assets/Materials/LaserImpact.mat using Guid(6aecd5f74ab4fc049a882a4cc831abf1) Importer(815301076,1909f56bfc062723c751e8b465ee728b)  -> (artifact id: '5d8a3e93e4a2b6979710b242d5ed51ab') in 0.017986 seconds
  Import took 0.020582 seconds .

========================================================================
Received Import Request.
  Time since last request: 0.000188 seconds.
  path: Assets/Materials/LaserGlow.mat
  artifactKey: Guid(d300688721d90de44a4496d0371bdb25) Importer(815301076,1909f56bfc062723c751e8b465ee728b)
Start importing Assets/Materials/LaserGlow.mat using Guid(d300688721d90de44a4496d0371bdb25) Importer(815301076,1909f56bfc062723c751e8b465ee728b)  -> (artifact id: '4871440e0c0cf968569631392ad85ca6') in 0.060832 seconds
  Import took 0.062796 seconds .

========================================================================
Received Import Request.
  Time since last request: 0.000170 seconds.
  path: Assets/Materials/Ground.mat
  artifactKey: Guid(abc76fd7b61849944958a1b3a8c30f13) Importer(815301076,1909f56bfc062723c751e8b465ee728b)
Start importing Assets/Materials/Ground.mat using Guid(abc76fd7b61849944958a1b3a8c30f13) Importer(815301076,1909f56bfc062723c751e8b465ee728b)  -> (artifact id: 'd233135e29a6735dbd36ad900cd2427b') in 0.016144 seconds
  Import took 0.019773 seconds .

========================================================================
Received Import Request.
  Time since last request: 0.000191 seconds.
  path: Assets/Materials/GroundPlane.mat
  artifactKey: Guid(2a7abbaf50fb2f942911b4e58e374735) Importer(815301076,1909f56bfc062723c751e8b465ee728b)
Start importing Assets/Materials/GroundPlane.mat using Guid(2a7abbaf50fb2f942911b4e58e374735) Importer(815301076,1909f56bfc062723c751e8b465ee728b)  -> (artifact id: 'a1073825a70c47a645caa6c23b3aac25') in 0.017669 seconds
  Import took 0.019542 seconds .

========================================================================
Received Import Request.
  Time since last request: 0.000213 seconds.
  path: Assets/Materials/Ground.mat
  artifactKey: Guid(abc76fd7b61849944958a1b3a8c30f13) Importer(815301076,1909f56bfc062723c751e8b465ee728b)
Start importing Assets/Materials/Ground.mat using Guid(abc76fd7b61849944958a1b3a8c30f13) Importer(815301076,1909f56bfc062723c751e8b465ee728b)  -> (artifact id: 'd233135e29a6735dbd36ad900cd2427b') in 0.012741 seconds
  Import took 0.014978 seconds .

========================================================================
Received Import Request.
  Time since last request: 0.000178 seconds.
  path: Assets/Materials/MissileExplosionFlames.mat
  artifactKey: Guid(7c5fd1f51c8896e4f933c59fb7c13079) Importer(815301076,1909f56bfc062723c751e8b465ee728b)
Start importing Assets/Materials/MissileExplosionFlames.mat using Guid(7c5fd1f51c8896e4f933c59fb7c13079) Importer(815301076,1909f56bfc062723c751e8b465ee728b)  -> (artifact id: '2c600e8dc383401dd9008a1a0a4cee71') in 0.020922 seconds
  Import took 0.023629 seconds .

========================================================================
Received Import Request.
  Time since last request: 6.395240 seconds.
  path: Assets
  artifactKey: Guid(00000000000000001000000000000000) Importer(815301076,1909f56bfc062723c751e8b465ee728b)
Start importing Assets using Guid(00000000000000001000000000000000) Importer(815301076,1909f56bfc062723c751e8b465ee728b)  -> (artifact id: '2c602d4445bd9e0e517b9a7c882a2249') in 0.006671 seconds
  Import took 0.008657 seconds .

========================================================================
Received Import Request.
  Time since last request: 0.001513 seconds.
  path: Assets
  artifactKey: Guid(00000000000000001000000000000000) Importer(815301076,1909f56bfc062723c751e8b465ee728b)
Start importing Assets using Guid(00000000000000001000000000000000) Importer(815301076,1909f56bfc062723c751e8b465ee728b)  -> (artifact id: '2c602d4445bd9e0e517b9a7c882a2249') in 0.003965 seconds
  Import took 0.007697 seconds .

========================================================================
Received Import Request.
  Time since last request: 9.605685 seconds.
  path: Assets/Minecraft
  artifactKey: Guid(c7d5fdbb75bb7cb4c8c5113ce4592e9f) Importer(815301076,1909f56bfc062723c751e8b465ee728b)
Start importing Assets/Minecraft using Guid(c7d5fdbb75bb7cb4c8c5113ce4592e9f) Importer(815301076,1909f56bfc062723c751e8b465ee728b)  -> (artifact id: '4cd5c64162a7eb5eb96501ddef77117a') in 0.009065 seconds
  Import took 0.012116 seconds .

========================================================================
Received Import Request.
  Time since last request: 5.162728 seconds.
  path: Assets/Minecraft/52c9673373857841cb8a0ff776f8279e.jpg
  artifactKey: Guid(e27026d2238724a448980d2c674ee95d) Importer(815301076,1909f56bfc062723c751e8b465ee728b)
Start importing Assets/Minecraft/52c9673373857841cb8a0ff776f8279e.jpg using Guid(e27026d2238724a448980d2c674ee95d) Importer(815301076,1909f56bfc062723c751e8b465ee728b)  -> (artifact id: '88cb0b69a82984d657b1cd88491b6ceb') in 0.078589 seconds
  Import took 0.081849 seconds .

========================================================================
Received Import Request.
  Time since last request: 30.658743 seconds.
  path: Assets/Minecraft/Materials
  artifactKey: Guid(a0eba46d480e16842a05dbc53a342605) Importer(815301076,1909f56bfc062723c751e8b465ee728b)
Start importing Assets/Minecraft/Materials using Guid(a0eba46d480e16842a05dbc53a342605) Importer(815301076,1909f56bfc062723c751e8b465ee728b)  -> (artifact id: '8041fb74247b482da91058d1469b9fb7') in 0.009052 seconds
  Import took 0.011328 seconds .

========================================================================
Received Import Request.
  Time since last request: 0.060825 seconds.
  path: Assets/Minecraft/Materials/52c9673373857841cb8a0ff776f8279e.mat
  artifactKey: Guid(2206a6a7d70e2854e95cedbf0afb74fe) Importer(815301076,1909f56bfc062723c751e8b465ee728b)
Start importing Assets/Minecraft/Materials/52c9673373857841cb8a0ff776f8279e.mat using Guid(2206a6a7d70e2854e95cedbf0afb74fe) Importer(815301076,1909f56bfc062723c751e8b465ee728b)  -> (artifact id: '808fe137b8a5980150e7f4de33ba6ded') in 0.013717 seconds
  Import took 0.016060 seconds .

========================================================================
Received Import Request.
  Time since last request: 2.846233 seconds.
  path: Assets/Minecraft/11635-v2.jpg
  artifactKey: Guid(a13f5157d8e19184cb9d0fa0a9bc7bfc) Importer(815301076,1909f56bfc062723c751e8b465ee728b)
Start importing Assets/Minecraft/11635-v2.jpg using Guid(a13f5157d8e19184cb9d0fa0a9bc7bfc) Importer(815301076,1909f56bfc062723c751e8b465ee728b)  -> (artifact id: '5000f57b69438a12159684ef585dda48') in 0.025286 seconds
  Import took 0.027261 seconds .

========================================================================
Received Import Request.
  Time since last request: 38.307714 seconds.
  path: Assets/Minecraft/New Material.mat
  artifactKey: Guid(c09038b769cd52441a56c6114e2dba44) Importer(815301076,1909f56bfc062723c751e8b465ee728b)
Start importing Assets/Minecraft/New Material.mat using Guid(c09038b769cd52441a56c6114e2dba44) Importer(815301076,1909f56bfc062723c751e8b465ee728b)  -> (artifact id: '0744d8199b0ab6b81ee0a592487bba0c') in 0.034612 seconds
  Import took 0.041021 seconds .

========================================================================
Received Import Request.
  Time since last request: 182.079027 seconds.
  path: Assets/Minecraft/hs2csdf6y8c31.png
  artifactKey: Guid(4e6fae255e9fad74792362b925878107) Importer(815301076,1909f56bfc062723c751e8b465ee728b)
Start importing Assets/Minecraft/hs2csdf6y8c31.png using Guid(4e6fae255e9fad74792362b925878107) Importer(815301076,1909f56bfc062723c751e8b465ee728b)  -> (artifact id: '27baf5ad754d557407e9c28793dc1da8') in 0.021659 seconds
  Import took 0.024709 seconds .

========================================================================
Received Prepare
Cannot set VR devices because the platform passed isn't supported by Unity.

Cannot set VR devices because the platform passed isn't supported by Unity.

Cannot set VR devices because the platform passed isn't supported by Unity.

Cannot set VR devices because the platform passed isn't supported by Unity.

Cannot set VR devices because the platform passed isn't supported by Unity.

Cannot set VR devices because the platform passed isn't supported by Unity.

Cannot set VR devices because the platform passed isn't supported by Unity.

Cannot set VR devices because the platform passed isn't supported by Unity.

Cannot set VR devices because the platform passed isn't supported by Unity.

Cannot set VR devices because the platform passed isn't supported by Unity.

Cannot set VR devices because the platform passed isn't supported by Unity.

Registering precompiled user dll's ...
Registered in 0.000663 seconds.
Begin MonoManager ReloadAssembly
Native extension for WindowsStandalone target not found
Native extension for WebGL target not found
Refreshing native plugins compatible for Editor in 0.20 ms, found 0 plugins.
Preloading 0 native plugins for Editor in 0.00 ms.
Mono: successfully reloaded assembly
- Completed reload, in  0.901 seconds
Platform modules already initialized, skipping
Refreshing native plugins compatible for Editor in 0.20 ms, found 0 plugins.
Preloading 0 native plugins for Editor in 0.00 ms.
Unloading 1133 Unused Serialized files (Serialized files now loaded: 0)
System memory in use before: 61.1 MB.
System memory in use after: 61.2 MB.

Unloading 5 unused Assets to reduce memory usage. Loaded Objects now: 1632.
Total: 5.370600 ms (FindLiveObjects: 0.332400 ms CreateObjectMapping: 0.115600 ms MarkObjects: 4.835300 ms  DeleteObjects: 0.083500 ms)

========================================================================
Received Prepare
Cannot set VR devices because the platform passed isn't supported by Unity.

Cannot set VR devices because the platform passed isn't supported by Unity.

Cannot set VR devices because the platform passed isn't supported by Unity.

Cannot set VR devices because the platform passed isn't supported by Unity.

Cannot set VR devices because the platform passed isn't supported by Unity.

Cannot set VR devices because the platform passed isn't supported by Unity.

Cannot set VR devices because the platform passed isn't supported by Unity.

Cannot set VR devices because the platform passed isn't supported by Unity.

Cannot set VR devices because the platform passed isn't supported by Unity.

Cannot set VR devices because the platform passed isn't supported by Unity.

Cannot set VR devices because the platform passed isn't supported by Unity.

Registering precompiled user dll's ...
Registered in 0.000687 seconds.
Begin MonoManager ReloadAssembly
Native extension for WindowsStandalone target not found
Native extension for WebGL target not found
Refreshing native plugins compatible for Editor in 0.23 ms, found 0 plugins.
Preloading 0 native plugins for Editor in 0.00 ms.
Mono: successfully reloaded assembly
- Completed reload, in  0.803 seconds
Platform modules already initialized, skipping
Refreshing native plugins compatible for Editor in 0.23 ms, found 0 plugins.
Preloading 0 native plugins for Editor in 0.00 ms.
Unloading 1133 Unused Serialized files (Serialized files now loaded: 0)
System memory in use before: 61.1 MB.
System memory in use after: 61.2 MB.

Unloading 4 unused Assets to reduce memory usage. Loaded Objects now: 1635.
Total: 1.700800 ms (FindLiveObjects: 0.208900 ms CreateObjectMapping: 0.040700 ms MarkObjects: 1.436300 ms  DeleteObjects: 0.013400 ms)

========================================================================
Received Import Request.
  Time since last request: 750.308357 seconds.
  path: Assets/Minecraft/39b83c1792b1b1060902974563bbb0ed.jpg
  artifactKey: Guid(002658a220ad95d41991e67c6b19f361) Importer(815301076,1909f56bfc062723c751e8b465ee728b)
Start importing Assets/Minecraft/39b83c1792b1b1060902974563bbb0ed.jpg using Guid(002658a220ad95d41991e67c6b19f361) Importer(815301076,1909f56bfc062723c751e8b465ee728b)  -> (artifact id: '895921f202d9b04b55e4fcdf963d6c86') in 0.040127 seconds
  Import took 0.042771 seconds .

========================================================================
Received Prepare
Cannot set VR devices because the platform passed isn't supported by Unity.

Cannot set VR devices because the platform passed isn't supported by Unity.

Cannot set VR devices because the platform passed isn't supported by Unity.

Cannot set VR devices because the platform passed isn't supported by Unity.

Cannot set VR devices because the platform passed isn't supported by Unity.

Cannot set VR devices because the platform passed isn't supported by Unity.

Cannot set VR devices because the platform passed isn't supported by Unity.

Cannot set VR devices because the platform passed isn't supported by Unity.

Cannot set VR devices because the platform passed isn't supported by Unity.

Cannot set VR devices because the platform passed isn't supported by Unity.

Cannot set VR devices because the platform passed isn't supported by Unity.

Registering precompiled user dll's ...
Registered in 0.000702 seconds.
Begin MonoManager ReloadAssembly
Native extension for WindowsStandalone target not found
Native extension for WebGL target not found
Refreshing native plugins compatible for Editor in 0.20 ms, found 0 plugins.
Preloading 0 native plugins for Editor in 0.00 ms.
Mono: successfully reloaded assembly
- Completed reload, in  0.850 seconds
Platform modules already initialized, skipping
Refreshing native plugins compatible for Editor in 0.26 ms, found 0 plugins.
Preloading 0 native plugins for Editor in 0.00 ms.
Unloading 1133 Unused Serialized files (Serialized files now loaded: 0)
System memory in use before: 61.1 MB.
System memory in use after: 61.2 MB.

Unloading 4 unused Assets to reduce memory usage. Loaded Objects now: 1638.
Total: 3.196300 ms (FindLiveObjects: 0.438400 ms CreateObjectMapping: 0.705400 ms MarkObjects: 2.012100 ms  DeleteObjects: 0.039300 ms)

========================================================================
Received Import Request.
  Time since last request: 79.824875 seconds.
  path: Assets/Minecraft/unnamed.png
  artifactKey: Guid(a8724313cdcc64f42855e77506736033) Importer(815301076,1909f56bfc062723c751e8b465ee728b)
Start importing Assets/Minecraft/unnamed.png using Guid(a8724313cdcc64f42855e77506736033) Importer(815301076,1909f56bfc062723c751e8b465ee728b)  -> (artifact id: 'c4ac3ade4951188482c9618ed4d9dec2') in 0.041999 seconds
  Import took 0.045023 seconds .

========================================================================
Received Import Request.
  Time since last request: 112.450321 seconds.
  path: Assets/Minecraft/Obsidian-Block.png
  artifactKey: Guid(f1676ace368c58c42a16a4b001a94fdf) Importer(815301076,1909f56bfc062723c751e8b465ee728b)
Start importing Assets/Minecraft/Obsidian-Block.png using Guid(f1676ace368c58c42a16a4b001a94fdf) Importer(815301076,1909f56bfc062723c751e8b465ee728b)  -> (artifact id: 'a07480ab75a044b74ca6992ee469a537') in 0.017667 seconds
  Import took 0.020313 seconds .

========================================================================
Received Import Request.
  Time since last request: 86.741539 seconds.
  path: Assets/Minecraft/block.png
  artifactKey: Guid(325bc6b796eedc846a37973d0808970b) Importer(815301076,1909f56bfc062723c751e8b465ee728b)
Start importing Assets/Minecraft/block.png using Guid(325bc6b796eedc846a37973d0808970b) Importer(815301076,1909f56bfc062723c751e8b465ee728b)  -> (artifact id: 'dfd41649180dd5910471bac87986586d') in 0.014442 seconds
  Import took 0.017063 seconds .

========================================================================
Received Import Request.
  Time since last request: 0.004562 seconds.
  path: Assets/Minecraft/block.png
  artifactKey: Guid(325bc6b796eedc846a37973d0808970b) Importer(815301076,1909f56bfc062723c751e8b465ee728b)
Start importing Assets/Minecraft/block.png using Guid(325bc6b796eedc846a37973d0808970b) Importer(815301076,1909f56bfc062723c751e8b465ee728b)  -> (artifact id: 'dfd41649180dd5910471bac87986586d') in 0.008913 seconds
  Import took 0.011796 seconds .

========================================================================
Received Import Request.
  Time since last request: 1.242187 seconds.
  path: Assets/Minecraft/unnamed (1).png
  artifactKey: Guid(9ff7c8067b2851349b51528f7eb7d1e1) Importer(815301076,1909f56bfc062723c751e8b465ee728b)
Start importing Assets/Minecraft/unnamed (1).png using Guid(9ff7c8067b2851349b51528f7eb7d1e1) Importer(815301076,1909f56bfc062723c751e8b465ee728b)  -> (artifact id: '572459f9b16cc2d9a05085f23b20a974') in 0.013678 seconds
  Import took 0.016161 seconds .

========================================================================
Received Prepare
Cannot set VR devices because the platform passed isn't supported by Unity.

Cannot set VR devices because the platform passed isn't supported by Unity.

Cannot set VR devices because the platform passed isn't supported by Unity.

Cannot set VR devices because the platform passed isn't supported by Unity.

Cannot set VR devices because the platform passed isn't supported by Unity.

Cannot set VR devices because the platform passed isn't supported by Unity.

Cannot set VR devices because the platform passed isn't supported by Unity.

Cannot set VR devices because the platform passed isn't supported by Unity.

Cannot set VR devices because the platform passed isn't supported by Unity.

Cannot set VR devices because the platform passed isn't supported by Unity.

Cannot set VR devices because the platform passed isn't supported by Unity.

Registering precompiled user dll's ...
Registered in 0.001090 seconds.
Begin MonoManager ReloadAssembly
Native extension for WindowsStandalone target not found
Native extension for WebGL target not found
Refreshing native plugins compatible for Editor in 0.35 ms, found 0 plugins.
Preloading 0 native plugins for Editor in 0.00 ms.
Mono: successfully reloaded assembly
- Completed reload, in  0.823 seconds
Platform modules already initialized, skipping
Refreshing native plugins compatible for Editor in 0.22 ms, found 0 plugins.
Preloading 0 native plugins for Editor in 0.00 ms.
Unloading 1133 Unused Serialized files (Serialized files now loaded: 0)
System memory in use before: 61.1 MB.
System memory in use after: 61.2 MB.

Unloading 4 unused Assets to reduce memory usage. Loaded Objects now: 1641.
Total: 4.831100 ms (FindLiveObjects: 0.302800 ms CreateObjectMapping: 0.118800 ms MarkObjects: 4.365300 ms  DeleteObjects: 0.040700 ms)

========================================================================
Received Import Request.
  Time since last request: 147.063759 seconds.
  path: Assets/Minecraft/New Material.mat
  artifactKey: Guid(c09038b769cd52441a56c6114e2dba44) Importer(815301076,1909f56bfc062723c751e8b465ee728b)
Start importing Assets/Minecraft/New Material.mat using Guid(c09038b769cd52441a56c6114e2dba44) Importer(815301076,1909f56bfc062723c751e8b465ee728b)  -> (artifact id: '30017ff02b90ceaf597b31664d6402e5') in 0.082659 seconds
  Import took 0.086563 seconds .

========================================================================
Received Import Request.
  Time since last request: 1087.100268 seconds.
  path: Assets/Level01.unity
  artifactKey: Guid(315ed2e4cf2517049a5f55c4d3820aa4) Importer(815301076,1909f56bfc062723c751e8b465ee728b)
Start importing Assets/Level01.unity using Guid(315ed2e4cf2517049a5f55c4d3820aa4) Importer(815301076,1909f56bfc062723c751e8b465ee728b)  -> (artifact id: 'a22091af6499973c71eb08f509da0c10') in 0.004797 seconds
  Import took 0.007083 seconds .

========================================================================
Received Prepare
Cannot set VR devices because the platform passed isn't supported by Unity.

Cannot set VR devices because the platform passed isn't supported by Unity.

Cannot set VR devices because the platform passed isn't supported by Unity.

Cannot set VR devices because the platform passed isn't supported by Unity.

Cannot set VR devices because the platform passed isn't supported by Unity.

Cannot set VR devices because the platform passed isn't supported by Unity.

Cannot set VR devices because the platform passed isn't supported by Unity.

Cannot set VR devices because the platform passed isn't supported by Unity.

Cannot set VR devices because the platform passed isn't supported by Unity.

Cannot set VR devices because the platform passed isn't supported by Unity.

Cannot set VR devices because the platform passed isn't supported by Unity.

Registering precompiled user dll's ...
Registered in 0.000744 seconds.
Begin MonoManager ReloadAssembly
Native extension for WindowsStandalone target not found
Native extension for WebGL target not found
Refreshing native plugins compatible for Editor in 0.20 ms, found 0 plugins.
Preloading 0 native plugins for Editor in 0.00 ms.
Mono: successfully reloaded assembly
- Completed reload, in  0.783 seconds
Platform modules already initialized, skipping
Refreshing native plugins compatible for Editor in 0.29 ms, found 0 plugins.
Preloading 0 native plugins for Editor in 0.00 ms.
Unloading 1133 Unused Serialized files (Serialized files now loaded: 0)
System memory in use before: 61.1 MB.
System memory in use after: 61.2 MB.

Unloading 4 unused Assets to reduce memory usage. Loaded Objects now: 1645.
Total: 1.604500 ms (FindLiveObjects: 0.135000 ms CreateObjectMapping: 0.037800 ms MarkObjects: 1.416400 ms  DeleteObjects: 0.014300 ms)

========================================================================
Received Import Request.
  Time since last request: 52.377677 seconds.
  path: Assets/Minecraft/unnamed (2).png
  artifactKey: Guid(30ae67aa41081a54384e8e268aec9c29) Importer(815301076,1909f56bfc062723c751e8b465ee728b)
Start importing Assets/Minecraft/unnamed (2).png using Guid(30ae67aa41081a54384e8e268aec9c29) Importer(815301076,1909f56bfc062723c751e8b465ee728b)  -> (artifact id: 'ae65695309cdde3d69e4fec7415e15bc') in 0.044833 seconds
  Import took 0.047196 seconds .

========================================================================
Received Import Request.
  Time since last request: 26.751700 seconds.
  path: Assets/Minecraft/New Material 1.mat
  artifactKey: Guid(811b13907c9a2174c85d608aeada2b4b) Importer(815301076,1909f56bfc062723c751e8b465ee728b)
Start importing Assets/Minecraft/New Material 1.mat using Guid(811b13907c9a2174c85d608aeada2b4b) Importer(815301076,1909f56bfc062723c751e8b465ee728b)  -> (artifact id: 'adae6078b214da305ca6687477cc0a76') in 0.044658 seconds
  Import took 0.046877 seconds .

========================================================================
Received Prepare
Cannot set VR devices because the platform passed isn't supported by Unity.

Cannot set VR devices because the platform passed isn't supported by Unity.

Cannot set VR devices because the platform passed isn't supported by Unity.

Cannot set VR devices because the platform passed isn't supported by Unity.

Cannot set VR devices because the platform passed isn't supported by Unity.

Cannot set VR devices because the platform passed isn't supported by Unity.

Cannot set VR devices because the platform passed isn't supported by Unity.

Cannot set VR devices because the platform passed isn't supported by Unity.

Cannot set VR devices because the platform passed isn't supported by Unity.

Cannot set VR devices because the platform passed isn't supported by Unity.

Cannot set VR devices because the platform passed isn't supported by Unity.

Registering precompiled user dll's ...
Registered in 0.000842 seconds.
Begin MonoManager ReloadAssembly
Native extension for WindowsStandalone target not found
Native extension for WebGL target not found
Refreshing native plugins compatible for Editor in 0.20 ms, found 0 plugins.
Preloading 0 native plugins for Editor in 0.00 ms.
Mono: successfully reloaded assembly
- Completed reload, in  0.926 seconds
Platform modules already initialized, skipping
Refreshing native plugins compatible for Editor in 0.23 ms, found 0 plugins.
Preloading 0 native plugins for Editor in 0.00 ms.
Unloading 1133 Unused Serialized files (Serialized files now loaded: 0)
System memory in use before: 61.1 MB.
System memory in use after: 61.2 MB.

Unloading 4 unused Assets to reduce memory usage. Loaded Objects now: 1649.
Total: 4.657700 ms (FindLiveObjects: 0.339500 ms CreateObjectMapping: 0.114900 ms MarkObjects: 4.162900 ms  DeleteObjects: 0.037400 ms)

========================================================================
Received Import Request.
  Time since last request: 445.539578 seconds.
  path: Assets/Minecraft/14252282-sandstone_m.jpg
  artifactKey: Guid(da07e1f5275472d4da4c8d43f3194920) Importer(815301076,1909f56bfc062723c751e8b465ee728b)
Start importing Assets/Minecraft/14252282-sandstone_m.jpg using Guid(da07e1f5275472d4da4c8d43f3194920) Importer(815301076,1909f56bfc062723c751e8b465ee728b)  -> (artifact id: 'd546b6ea524e66b24572f09317598fee') in 0.109441 seconds
  Import took 0.113043 seconds .

========================================================================
Received Import Request.
  Time since last request: 31.554379 seconds.
  path: Assets/Minecraft/unnamed (4).png
  artifactKey: Guid(15b2f4c3be6c3e44ca91a1920a7ffb98) Importer(815301076,1909f56bfc062723c751e8b465ee728b)
Start importing Assets/Minecraft/unnamed (4).png using Guid(15b2f4c3be6c3e44ca91a1920a7ffb98) Importer(815301076,1909f56bfc062723c751e8b465ee728b)  -> (artifact id: 'ec246b10627c7b51c928f977bf1fbe8f') in 0.014446 seconds
  Import took 0.017517 seconds .

========================================================================
Received Prepare
Cannot set VR devices because the platform passed isn't supported by Unity.

Cannot set VR devices because the platform passed isn't supported by Unity.

Cannot set VR devices because the platform passed isn't supported by Unity.

Cannot set VR devices because the platform passed isn't supported by Unity.

Cannot set VR devices because the platform passed isn't supported by Unity.

Cannot set VR devices because the platform passed isn't supported by Unity.

Cannot set VR devices because the platform passed isn't supported by Unity.

Cannot set VR devices because the platform passed isn't supported by Unity.

Cannot set VR devices because the platform passed isn't supported by Unity.

Cannot set VR devices because the platform passed isn't supported by Unity.

Cannot set VR devices because the platform passed isn't supported by Unity.

Registering precompiled user dll's ...
Registered in 0.000829 seconds.
Begin MonoManager ReloadAssembly
Native extension for WindowsStandalone target not found
Native extension for WebGL target not found
Refreshing native plugins compatible for Editor in 0.20 ms, found 0 plugins.
Preloading 0 native plugins for Editor in 0.00 ms.
Mono: successfully reloaded assembly
- Completed reload, in  0.856 seconds
Platform modules already initialized, skipping
Refreshing native plugins compatible for Editor in 0.23 ms, found 0 plugins.
Preloading 0 native plugins for Editor in 0.00 ms.
Unloading 1133 Unused Serialized files (Serialized files now loaded: 0)
System memory in use before: 61.1 MB.
System memory in use after: 61.2 MB.

Unloading 4 unused Assets to reduce memory usage. Loaded Objects now: 1652.
Total: 4.885200 ms (FindLiveObjects: 0.355300 ms CreateObjectMapping: 0.118000 ms MarkObjects: 4.361400 ms  DeleteObjects: 0.045400 ms)

========================================================================
Received Import Request.
  Time since last request: 201.421748 seconds.
  path: Assets/Minecraft/block (1).png
  artifactKey: Guid(c9777ab98a61da141b2b1c041422bf54) Importer(815301076,1909f56bfc062723c751e8b465ee728b)
Start importing Assets/Minecraft/block (1).png using Guid(c9777ab98a61da141b2b1c041422bf54) Importer(815301076,1909f56bfc062723c751e8b465ee728b)  -> (artifact id: '396a33c4f5c4af05a59d0aca55b3b7d1') in 0.042270 seconds
  Import took 0.044921 seconds .

========================================================================
Received Import Request.
  Time since last request: 115.180248 seconds.
  path: Assets/Minecraft/New Material 1.mat
  artifactKey: Guid(811b13907c9a2174c85d608aeada2b4b) Importer(815301076,1909f56bfc062723c751e8b465ee728b)
Start importing Assets/Minecraft/New Material 1.mat using Guid(811b13907c9a2174c85d608aeada2b4b) Importer(815301076,1909f56bfc062723c751e8b465ee728b)  -> (artifact id: '1b7595167ee8aeb818407178594ab487') in 0.045461 seconds
  Import took 0.048159 seconds .

========================================================================
Received Import Request.
  Time since last request: 66.338150 seconds.
  path: Assets/Minecraft/e9904cdb30314092a60f1ec18711bbbf.jpg
  artifactKey: Guid(d467b923038cf004da70a586df844b63) Importer(815301076,1909f56bfc062723c751e8b465ee728b)
Start importing Assets/Minecraft/e9904cdb30314092a60f1ec18711bbbf.jpg using Guid(d467b923038cf004da70a586df844b63) Importer(815301076,1909f56bfc062723c751e8b465ee728b)  -> (artifact id: '6814217f9c884437c93bae3556e451d2') in 0.015822 seconds
  Import took 0.018282 seconds .

========================================================================
Received Import Request.
  Time since last request: 0.000876 seconds.
  path: Assets/Minecraft/e9904cdb30314092a60f1ec18711bbbf.jpg
  artifactKey: Guid(d467b923038cf004da70a586df844b63) Importer(815301076,1909f56bfc062723c751e8b465ee728b)
Start importing Assets/Minecraft/e9904cdb30314092a60f1ec18711bbbf.jpg using Guid(d467b923038cf004da70a586df844b63) Importer(815301076,1909f56bfc062723c751e8b465ee728b)  -> (artifact id: '6814217f9c884437c93bae3556e451d2') in 0.008410 seconds
  Import took 0.011247 seconds .

========================================================================
Received Import Request.
  Time since last request: 41.082700 seconds.
  path: Assets/Minecraft/New Material 2.mat
  artifactKey: Guid(1cb3646f53c166245b06c83b53294731) Importer(815301076,1909f56bfc062723c751e8b465ee728b)
Start importing Assets/Minecraft/New Material 2.mat using Guid(1cb3646f53c166245b06c83b53294731) Importer(815301076,1909f56bfc062723c751e8b465ee728b)  -> (artifact id: '0a9c456960141a53a89157e520fa9908') in 0.013476 seconds
  Import took 0.015908 seconds .

========================================================================
Received Import Request.
  Time since last request: 499.416701 seconds.
  path: Assets/Minecraft/Iron-Ore-Block-600x600.png
  artifactKey: Guid(6950024f5bdad9b449004447658ffebb) Importer(815301076,1909f56bfc062723c751e8b465ee728b)
Start importing Assets/Minecraft/Iron-Ore-Block-600x600.png using Guid(6950024f5bdad9b449004447658ffebb) Importer(815301076,1909f56bfc062723c751e8b465ee728b)  -> (artifact id: 'a8ab8e6254d7c100c4ca554847c00987') in 0.017995 seconds
  Import took 0.021019 seconds .

========================================================================
Received Import Request.
  Time since last request: 35.689071 seconds.
  path: Assets/Minecraft/Gold-Ore-Block.png
  artifactKey: Guid(96bd0beb5f2c20c488bb6590d14e3720) Importer(815301076,1909f56bfc062723c751e8b465ee728b)
Start importing Assets/Minecraft/Gold-Ore-Block.png using Guid(96bd0beb5f2c20c488bb6590d14e3720) Importer(815301076,1909f56bfc062723c751e8b465ee728b)  -> (artifact id: 'ae567248362f0e9ec38fe775001d19f6') in 0.015872 seconds
  Import took 0.018821 seconds .

========================================================================
Received Import Request.
  Time since last request: 28.730513 seconds.
  path: Assets/Minecraft/aa61746fb69319ebe879abf44865daf6.png
  artifactKey: Guid(8369f3bee912a7b42b4bedc1014eb4dd) Importer(815301076,1909f56bfc062723c751e8b465ee728b)
Start importing Assets/Minecraft/aa61746fb69319ebe879abf44865daf6.png using Guid(8369f3bee912a7b42b4bedc1014eb4dd) Importer(815301076,1909f56bfc062723c751e8b465ee728b)  -> (artifact id: 'de704a8c9d190e46f4aa7ea6cef83f03') in 0.013853 seconds
  Import took 0.017039 seconds .

========================================================================
Received Import Request.
  Time since last request: 33.940662 seconds.
  path: Assets/Minecraft/New Material 2.mat
  artifactKey: Guid(1cb3646f53c166245b06c83b53294731) Importer(815301076,1909f56bfc062723c751e8b465ee728b)
Start importing Assets/Minecraft/New Material 2.mat using Guid(1cb3646f53c166245b06c83b53294731) Importer(815301076,1909f56bfc062723c751e8b465ee728b)  -> (artifact id: 'caa6382929220228bbfc3e59cd21bf38') in 0.012591 seconds
  Import took 0.015239 seconds .

========================================================================
Received Import Request.
  Time since last request: 59.510698 seconds.
  path: Assets/Level02.unity
  artifactKey: Guid(568c8e9fbd21f754fb33f512fc2bb4ab) Importer(815301076,1909f56bfc062723c751e8b465ee728b)
Start importing Assets/Level02.unity using Guid(568c8e9fbd21f754fb33f512fc2bb4ab) Importer(815301076,1909f56bfc062723c751e8b465ee728b)  -> (artifact id: '22a927f51954de895e22bca28ed42327') in 0.009244 seconds
  Import took 0.011481 seconds .

========================================================================
Received Import Request.
  Time since last request: 95.584873 seconds.
  path: Assets/Level03.unity
  artifactKey: Guid(19cffd1542123a445a9b9c0bfb2ac418) Importer(815301076,1909f56bfc062723c751e8b465ee728b)
Start importing Assets/Level03.unity using Guid(19cffd1542123a445a9b9c0bfb2ac418) Importer(815301076,1909f56bfc062723c751e8b465ee728b)  -> (artifact id: 'c5561b1aebb70257a238c59ae59ce3b0') in 0.003994 seconds
  Import took 0.006427 seconds .

========================================================================
Received Import Request.
  Time since last request: 41.943419 seconds.
  path: Assets/Level01.unity
  artifactKey: Guid(315ed2e4cf2517049a5f55c4d3820aa4) Importer(815301076,1909f56bfc062723c751e8b465ee728b)
Start importing Assets/Level01.unity using Guid(315ed2e4cf2517049a5f55c4d3820aa4) Importer(815301076,1909f56bfc062723c751e8b465ee728b)  -> (artifact id: 'a26dbad8ca80683e1823c877f9797f70') in 0.003109 seconds
  Import took 0.005111 seconds .

========================================================================
Received Import Request.
  Time since last request: 0.670004 seconds.
  path: Assets/Level02.unity
  artifactKey: Guid(568c8e9fbd21f754fb33f512fc2bb4ab) Importer(815301076,1909f56bfc062723c751e8b465ee728b)
Start importing Assets/Level02.unity using Guid(568c8e9fbd21f754fb33f512fc2bb4ab) Importer(815301076,1909f56bfc062723c751e8b465ee728b)  -> (artifact id: '9b2734248ac53ff497f7b32189b9ea73') in 0.003680 seconds
  Import took 0.005790 seconds .

========================================================================
Received Import Request.
  Time since last request: 3.552809 seconds.
  path: Assets/LevelSelect.unity
  artifactKey: Guid(81357d86a3a13f64cae06c521774f1ee) Importer(815301076,1909f56bfc062723c751e8b465ee728b)
Start importing Assets/LevelSelect.unity using Guid(81357d86a3a13f64cae06c521774f1ee) Importer(815301076,1909f56bfc062723c751e8b465ee728b)  -> (artifact id: '49f015afb8f89db3e71b9a7710fe03c7') in 0.008282 seconds
  Import took 0.010350 seconds .

========================================================================
Received Import Request.
  Time since last request: 80.539391 seconds.
  path: Assets/Sprites
  artifactKey: Guid(b11b797b34939ee489a54f252ef995a0) Importer(815301076,1909f56bfc062723c751e8b465ee728b)
Start importing Assets/Sprites using Guid(b11b797b34939ee489a54f252ef995a0) Importer(815301076,1909f56bfc062723c751e8b465ee728b)  -> (artifact id: 'f5014600ef6f5a0f571539c73fcce2a1') in 0.009241 seconds
  Import took 0.011092 seconds .

========================================================================
Received Import Request.
  Time since last request: 0.122310 seconds.
  path: Assets/Sprites/WhiteSquare.jpg
  artifactKey: Guid(d040e77486189ee4bace774145120c5e) Importer(815301076,1909f56bfc062723c751e8b465ee728b)
Start importing Assets/Sprites/WhiteSquare.jpg using Guid(d040e77486189ee4bace774145120c5e) Importer(815301076,1909f56bfc062723c751e8b465ee728b)  -> (artifact id: '09a7fee726eabe058f30d3707c2275f2') in 0.025282 seconds
  Import took 0.028802 seconds .

========================================================================
Received Prepare
Cannot set VR devices because the platform passed isn't supported by Unity.

Cannot set VR devices because the platform passed isn't supported by Unity.

Cannot set VR devices because the platform passed isn't supported by Unity.

Cannot set VR devices because the platform passed isn't supported by Unity.

Cannot set VR devices because the platform passed isn't supported by Unity.

Cannot set VR devices because the platform passed isn't supported by Unity.

Cannot set VR devices because the platform passed isn't supported by Unity.

Cannot set VR devices because the platform passed isn't supported by Unity.

Cannot set VR devices because the platform passed isn't supported by Unity.

Cannot set VR devices because the platform passed isn't supported by Unity.

Cannot set VR devices because the platform passed isn't supported by Unity.

Registering precompiled user dll's ...
Registered in 0.000710 seconds.
Begin MonoManager ReloadAssembly
Native extension for WindowsStandalone target not found
Native extension for WebGL target not found
Refreshing native plugins compatible for Editor in 0.26 ms, found 0 plugins.
Preloading 0 native plugins for Editor in 0.00 ms.
Mono: successfully reloaded assembly
- Completed reload, in  0.841 seconds
Platform modules already initialized, skipping
Refreshing native plugins compatible for Editor in 0.20 ms, found 0 plugins.
Preloading 0 native plugins for Editor in 0.00 ms.
Unloading 1133 Unused Serialized files (Serialized files now loaded: 0)
System memory in use before: 61.2 MB.
System memory in use after: 61.3 MB.

Unloading 4 unused Assets to reduce memory usage. Loaded Objects now: 1658.
Total: 4.768400 ms (FindLiveObjects: 0.348300 ms CreateObjectMapping: 0.119000 ms MarkObjects: 4.258200 ms  DeleteObjects: 0.039600 ms)

AssetImportWorkerClient::OnTransportError - code=2 error=End of file
