Using pre-set license
Built from '2020.3/staging' branch; Version is '2020.3.6f1 (338bb68529b2) revision 3378102'; Using compiler version '192528614'; Build Type 'Release'
OS: 'Windows 10 Home China; OS build 19042.1052; Version 2009; 64bit' Language: 'zh' Physical Memory: 16255 MB
BatchMode: 1, IsHumanControllingUs: 0, StartBugReporterOnCrash: 0, Is64bit: 1, IsPro: 0

 COMMAND LINE ARGUMENTS:
C:\Program Files\Unity\Hub\Editor\2020.3.6f1\Editor\Unity.exe
-adb2
-batchMode
-noUpm
-name
AssetImportWorker0
-projectPath
C:/Users/FlanDer/Desktop/word/11/Tower Defense Unity Project
-logFile
Logs/AssetImportWorker0.log
-srvPort
64230
Successfully changed project path to: C:/Users/FlanDer/Desktop/word/11/Tower Defense Unity Project
C:/Users/FlanDer/Desktop/word/11/Tower Defense Unity Project
Using Asset Import Pipeline V2.
Cannot set VR devices because the platform passed isn't supported by Unity.

Cannot set VR devices because the platform passed isn't supported by Unity.

Cannot set VR devices because the platform passed isn't supported by Unity.

Cannot set VR devices because the platform passed isn't supported by Unity.

Cannot set VR devices because the platform passed isn't supported by Unity.

Cannot set VR devices because the platform passed isn't supported by Unity.

Cannot set VR devices because the platform passed isn't supported by Unity.

Cannot set VR devices because the platform passed isn't supported by Unity.

Cannot set VR devices because the platform passed isn't supported by Unity.

Cannot set VR devices because the platform passed isn't supported by Unity.

Cannot set VR devices because the platform passed isn't supported by Unity.

Refreshing native plugins compatible for Editor in 712.02 ms, found 0 plugins.
Preloading 0 native plugins for Editor in 0.00 ms.
Initialize engine version: 2020.3.6f1 (338bb68529b2)
[Subsystems] Discovering subsystems at path C:/Program Files/Unity/Hub/Editor/2020.3.6f1/Editor/Data/Resources/UnitySubsystems
[Subsystems] Discovering subsystems at path C:/Users/FlanDer/Desktop/word/11/Tower Defense Unity Project/Assets
GfxDevice: creating device client; threaded=0
Direct3D:
    Version:  Direct3D 11.0 [level 11.1]
    Renderer: NVIDIA GeForce GTX 1060 (ID=0x1c20)
    Vendor:   
    VRAM:     6052 MB
    Driver:   27.21.14.6109
Initialize mono
Mono path[0] = 'C:/Program Files/Unity/Hub/Editor/2020.3.6f1/Editor/Data/Managed'
Mono path[1] = 'C:/Program Files/Unity/Hub/Editor/2020.3.6f1/Editor/Data/MonoBleedingEdge/lib/mono/unityjit'
Mono config path = 'C:/Program Files/Unity/Hub/Editor/2020.3.6f1/Editor/Data/MonoBleedingEdge/etc'
Using monoOptions --debugger-agent=transport=dt_socket,embedding=1,server=y,suspend=n,address=127.0.0.1:56660
Begin MonoManager ReloadAssembly
Registering precompiled unity dll's ...
Register platform support module: C:/Program Files/Unity/Hub/Editor/2020.3.6f1/Editor/Data/PlaybackEngines/WindowsStandaloneSupport/UnityEditor.WindowsStandalone.Extensions.dll
Registered in 0.005011 seconds.
Native extension for WindowsStandalone target not found
Refreshing native plugins compatible for Editor in 37.41 ms, found 0 plugins.
Preloading 0 native plugins for Editor in 0.00 ms.
Mono: successfully reloaded assembly
- Completed reload, in  2.149 seconds
Platform modules already initialized, skipping
Registering precompiled user dll's ...
Registered in 0.002101 seconds.
Begin MonoManager ReloadAssembly
Native extension for WindowsStandalone target not found
Refreshing native plugins compatible for Editor in 0.24 ms, found 0 plugins.
Preloading 0 native plugins for Editor in 0.00 ms.
Mono: successfully reloaded assembly
- Completed reload, in  1.223 seconds
Platform modules already initialized, skipping
========================================================================
Worker process is ready to serve import requests
Cannot set VR devices because the platform passed isn't supported by Unity.

Cannot set VR devices because the platform passed isn't supported by Unity.

Cannot set VR devices because the platform passed isn't supported by Unity.

Cannot set VR devices because the platform passed isn't supported by Unity.

Cannot set VR devices because the platform passed isn't supported by Unity.

Cannot set VR devices because the platform passed isn't supported by Unity.

Cannot set VR devices because the platform passed isn't supported by Unity.

Cannot set VR devices because the platform passed isn't supported by Unity.

Cannot set VR devices because the platform passed isn't supported by Unity.

Cannot set VR devices because the platform passed isn't supported by Unity.

Cannot set VR devices because the platform passed isn't supported by Unity.

Launched and connected shader compiler UnityShaderCompiler.exe after 0.10 seconds
Refreshing native plugins compatible for Editor in 0.30 ms, found 0 plugins.
Preloading 0 native plugins for Editor in 0.00 ms.
Unloading 1021 Unused Serialized files (Serialized files now loaded: 0)
System memory in use before: 54.6 MB.
System memory in use after: 54.7 MB.

Unloading 9 unused Assets to reduce memory usage. Loaded Objects now: 1465.
Total: 3.240700 ms (FindLiveObjects: 0.288000 ms CreateObjectMapping: 0.160700 ms MarkObjects: 2.629700 ms  DeleteObjects: 0.160400 ms)

========================================================================
Received Import Request.
  path: Assets/Level01.unity
  artifactKey: Guid(315ed2e4cf2517049a5f55c4d3820aa4) Importer(815301076,1909f56bfc062723c751e8b465ee728b)
Start importing Assets/Level01.unity using Guid(315ed2e4cf2517049a5f55c4d3820aa4) Importer(815301076,1909f56bfc062723c751e8b465ee728b)  -> (artifact id: 'b4fd328055da852a7449bf6ffbbe6996') in 0.593379 seconds
  Import took 0.596128 seconds .

========================================================================
Received Import Request.
  Time since last request: 0.000413 seconds.
  path: Assets/Animation
  artifactKey: Guid(8b03ac5be9fd7f046ad064224fc07643) Importer(815301076,1909f56bfc062723c751e8b465ee728b)
Start importing Assets/Animation using Guid(8b03ac5be9fd7f046ad064224fc07643) Importer(815301076,1909f56bfc062723c751e8b465ee728b)  -> (artifact id: '5b1c3961aa07bac658bd02a3e784766c') in 0.022338 seconds
  Import took 0.024745 seconds .

========================================================================
Received Prepare
Cannot set VR devices because the platform passed isn't supported by Unity.

Cannot set VR devices because the platform passed isn't supported by Unity.

Cannot set VR devices because the platform passed isn't supported by Unity.

Cannot set VR devices because the platform passed isn't supported by Unity.

Cannot set VR devices because the platform passed isn't supported by Unity.

Cannot set VR devices because the platform passed isn't supported by Unity.

Cannot set VR devices because the platform passed isn't supported by Unity.

Cannot set VR devices because the platform passed isn't supported by Unity.

Cannot set VR devices because the platform passed isn't supported by Unity.

Cannot set VR devices because the platform passed isn't supported by Unity.

Cannot set VR devices because the platform passed isn't supported by Unity.

Registering precompiled user dll's ...
Registered in 0.001359 seconds.
Begin MonoManager ReloadAssembly
Native extension for WindowsStandalone target not found
Refreshing native plugins compatible for Editor in 0.19 ms, found 0 plugins.
Preloading 0 native plugins for Editor in 0.00 ms.
Mono: successfully reloaded assembly
- Completed reload, in  1.260 seconds
Platform modules already initialized, skipping
Refreshing native plugins compatible for Editor in 0.23 ms, found 0 plugins.
Preloading 0 native plugins for Editor in 0.00 ms.
Unloading 1015 Unused Serialized files (Serialized files now loaded: 0)
System memory in use before: 54.3 MB.
System memory in use after: 54.4 MB.

Unloading 4 unused Assets to reduce memory usage. Loaded Objects now: 1468.
Total: 2.110300 ms (FindLiveObjects: 0.221400 ms CreateObjectMapping: 0.049800 ms MarkObjects: 1.810700 ms  DeleteObjects: 0.026900 ms)

========================================================================
Received Import Request.
  Time since last request: 240.035948 seconds.
  path: Assets/Imports
  artifactKey: Guid(18aa86c1043d2cd408f762f2ed260f9a) Importer(815301076,1909f56bfc062723c751e8b465ee728b)
Start importing Assets/Imports using Guid(18aa86c1043d2cd408f762f2ed260f9a) Importer(815301076,1909f56bfc062723c751e8b465ee728b)  -> (artifact id: 'f4a28f1cdfc47fd0b1494bbd526b3c41') in 0.053873 seconds
  Import took 0.056058 seconds .

========================================================================
Received Import Request.
  Time since last request: 0.424956 seconds.
  path: Assets/MainScene
  artifactKey: Guid(9ac0897df0342084c84630a70b522dd0) Importer(815301076,1909f56bfc062723c751e8b465ee728b)
Start importing Assets/MainScene using Guid(9ac0897df0342084c84630a70b522dd0) Importer(815301076,1909f56bfc062723c751e8b465ee728b)  -> (artifact id: '695e9a2875be023f1bb0c87cfacead74') in 0.017536 seconds
  Import took 0.020914 seconds .

========================================================================
Received Import Request.
  Time since last request: 0.381505 seconds.
  path: Assets/Materials
  artifactKey: Guid(90a6abdcc14b816459861d65e2e1865d) Importer(815301076,1909f56bfc062723c751e8b465ee728b)
Start importing Assets/Materials using Guid(90a6abdcc14b816459861d65e2e1865d) Importer(815301076,1909f56bfc062723c751e8b465ee728b)  -> (artifact id: '360dba0360abdeb0abc9faa20be33fbf') in 0.015466 seconds
  Import took 0.017621 seconds .

========================================================================
Received Import Request.
  Time since last request: 12.407822 seconds.
  path: Assets/Level03.unity
  artifactKey: Guid(d1c775e1a730b4249a6baa8f9d4982ab) Importer(815301076,1909f56bfc062723c751e8b465ee728b)
Start importing Assets/Level03.unity using Guid(d1c775e1a730b4249a6baa8f9d4982ab) Importer(815301076,1909f56bfc062723c751e8b465ee728b)  -> (artifact id: '6bcc6c8aedc5f660bfd5383dcaab18ee') in 0.027805 seconds
  Import took 0.029984 seconds .

========================================================================
Received Import Request.
  Time since last request: 4.470566 seconds.
  path: Assets/Scripts
  artifactKey: Guid(6add34ccd96cc714a9e9c821935a4c35) Importer(815301076,1909f56bfc062723c751e8b465ee728b)
Start importing Assets/Scripts using Guid(6add34ccd96cc714a9e9c821935a4c35) Importer(815301076,1909f56bfc062723c751e8b465ee728b)  -> (artifact id: '51b66b53dd3c9ce6ef451d1d4a413e46') in 0.017409 seconds
  Import took 0.019318 seconds .

========================================================================
Received Import Request.
  Time since last request: 3.806831 seconds.
  path: Assets/Scripts/LevelSelector.cs
  artifactKey: Guid(2eeb3cc128b0cda44b99981b8d99cfb8) Importer(815301076,1909f56bfc062723c751e8b465ee728b)
Start importing Assets/Scripts/LevelSelector.cs using Guid(2eeb3cc128b0cda44b99981b8d99cfb8) Importer(815301076,1909f56bfc062723c751e8b465ee728b)  -> (artifact id: '7d8e34d50a2fc293b60aa84369465c82') in 0.196933 seconds
  Import took 0.199533 seconds .

========================================================================
Received Prepare
Cannot set VR devices because the platform passed isn't supported by Unity.

Cannot set VR devices because the platform passed isn't supported by Unity.

Cannot set VR devices because the platform passed isn't supported by Unity.

Cannot set VR devices because the platform passed isn't supported by Unity.

Cannot set VR devices because the platform passed isn't supported by Unity.

Cannot set VR devices because the platform passed isn't supported by Unity.

Cannot set VR devices because the platform passed isn't supported by Unity.

Cannot set VR devices because the platform passed isn't supported by Unity.

Cannot set VR devices because the platform passed isn't supported by Unity.

Cannot set VR devices because the platform passed isn't supported by Unity.

Cannot set VR devices because the platform passed isn't supported by Unity.

Registering precompiled user dll's ...
Registered in 0.002824 seconds.
Begin MonoManager ReloadAssembly
Native extension for WindowsStandalone target not found
Refreshing native plugins compatible for Editor in 0.25 ms, found 0 plugins.
Preloading 0 native plugins for Editor in 0.00 ms.
Mono: successfully reloaded assembly
- Completed reload, in  1.180 seconds
Platform modules already initialized, skipping
Refreshing native plugins compatible for Editor in 0.52 ms, found 0 plugins.
Preloading 0 native plugins for Editor in 0.00 ms.
Unloading 1015 Unused Serialized files (Serialized files now loaded: 0)
System memory in use before: 54.4 MB.
System memory in use after: 54.5 MB.

Unloading 4 unused Assets to reduce memory usage. Loaded Objects now: 1471.
Total: 2.327900 ms (FindLiveObjects: 0.379800 ms CreateObjectMapping: 0.081700 ms MarkObjects: 1.849000 ms  DeleteObjects: 0.016000 ms)

========================================================================
Received Import Request.
  Time since last request: 29.947542 seconds.
  path: Assets/Scripts/GameOver.cs
  artifactKey: Guid(f68a3c144b3a23b4792bb98139cff822) Importer(815301076,1909f56bfc062723c751e8b465ee728b)
Start importing Assets/Scripts/GameOver.cs using Guid(f68a3c144b3a23b4792bb98139cff822) Importer(815301076,1909f56bfc062723c751e8b465ee728b)  -> (artifact id: '8b9464af151c2f804b23130b21fa724d') in 0.017023 seconds
  Import took 0.019245 seconds .

AssetImportWorkerClient::OnTransportError - code=2 error=End of file
